#
# There is insufficient memory for the Java Runtime Environment to continue.
# Native memory allocation (mmap) failed to map 58720256 bytes for G1 virtual space
# Possible reasons:
#   The system is out of physical RAM or swap space
#   The process is running with CompressedOops enabled, and the Java Heap may be blocking the growth of the native heap
# Possible solutions:
#   Reduce memory load on the system
#   Increase physical memory or swap space
#   Check if swap backing store is full
#   Decrease Java heap size (-Xmx/-Xms)
#   Decrease number of Java threads
#   Decrease Java thread stack sizes (-Xss)
#   Set larger code cache with -XX:ReservedCodeCacheSize=
#   JVM is running with Unscaled Compressed Oops mode in which the Java heap is
#     placed in the first 4GB address space. The Java Heap base address is the
#     maximum limit for the native heap growth. Please use -XX:HeapBaseMinAddress
#     to set the Java Heap base and to place the Java Heap above 4GB virtual address.
# This output file may be truncated or incomplete.
#
#  Out of Memory Error (os_windows.cpp:3548), pid=20912, tid=9408
#
# JRE version:  (17.0.12+8) (build )
# Java VM: Java HotSpot(TM) 64-Bit Server VM (17.0.12+8-LTS-286, mixed mode, sharing, tiered, compressed oops, compressed class ptrs, g1 gc, windows-amd64)
# No core dump will be written. Minidumps are not enabled by default on client versions of Windows
#

---------------  S U M M A R Y ------------

Command Line: C:\Users\sampa\AppData\Local\Temp\surefire3700701032275682501\surefirebooter15865062686986637561.jar C:\Users\sampa\AppData\Local\Temp\surefire3700701032275682501 2025-03-25T20-21-37_023-jvmRun1 surefire11884221029379019151tmp surefire_017476455942940104495tmp

Host: AMD Ryzen 3 3200U with Radeon Vega Mobile Gfx  , 4 cores, 3G,  Windows 11 , 64 bit Build 22621 (10.0.22621.4974)
Time: Tue Mar 25 20:21:37 2025 India Standard Time elapsed time: 0.020211 seconds (0d 0h 0m 0s)

---------------  T H R E A D  ---------------

Current thread (0x000001bc60140cf0):  JavaThread "Unknown thread" [_thread_in_vm, id=9408, stack(0x00000090e0100000,0x00000090e0200000)]

Stack: [0x00000090e0100000,0x00000090e0200000]
Native frames: (J=compiled Java code, j=interpreted, Vv=VM code, C=native code)
V  [jvm.dll+0x67a04a]
V  [jvm.dll+0x7da4ed]
V  [jvm.dll+0x7dbe33]
V  [jvm.dll+0x7dc4a3]
V  [jvm.dll+0x24508f]
V  [jvm.dll+0x677089]
V  [jvm.dll+0x66bd32]
V  [jvm.dll+0x301fa6]
V  [jvm.dll+0x309546]
V  [jvm.dll+0x359d2e]
V  [jvm.dll+0x359f5f]
V  [jvm.dll+0x2d9078]
V  [jvm.dll+0x2d9fe4]
V  [jvm.dll+0x7aca21]
V  [jvm.dll+0x367591]
V  [jvm.dll+0x78b999]
V  [jvm.dll+0x3ec83f]
V  [jvm.dll+0x3ee471]
C  [jli.dll+0x5297]
C  [ucrtbase.dll+0x29333]
C  [KERNEL32.DLL+0x1259d]
C  [ntdll.dll+0x5af38]


---------------  P R O C E S S  ---------------

Threads class SMR info:
_java_thread_list=0x00007ffbc02b7a18, length=0, elements={
}

Java Threads: ( => current thread )

Other Threads:
  0x000001bc60177ed0 GCTaskThread "GC Thread#0" [stack: 0x00000090e0200000,0x00000090e0300000] [id=23900]
  0x000001bc60180bb0 ConcurrentGCThread "G1 Main Marker" [stack: 0x00000090e0300000,0x00000090e0400000] [id=23112]
  0x000001bc601829d0 ConcurrentGCThread "G1 Conc#0" [stack: 0x00000090e0400000,0x00000090e0500000] [id=7484]

[error occurred during error reporting (printing all threads), id 0xc0000005, EXCEPTION_ACCESS_VIOLATION (0xc0000005) at pc=0x00007ffbbfae9b67]

VM state: not at safepoint (not fully initialized)

VM Mutex/Monitor currently owned by a thread:  ([mutex/lock_event])
[0x000001bc6013d700] Heap_lock - owner thread: 0x000001bc60140cf0

Heap address: 0x00000000c9400000, size: 876 MB, Compressed Oops mode: 32-bit

CDS archive(s) mapped at: [0x0000000000000000-0x0000000000000000-0x0000000000000000), size 0, SharedBaseAddress: 0x0000000800000000, ArchiveRelocationMode: 1.
Narrow klass base: 0x0000000000000000, Narrow klass shift: 0, Narrow klass range: 0x0

GC Precious Log:
<Empty>

Heap:
 garbage-first heap   total 0K, used 0K [0x00000000c9400000, 0x0000000100000000)
  region size 1024K, 0 young (0K), 0 survivors (0K)

[error occurred during error reporting (printing heap information), id 0xc0000005, EXCEPTION_ACCESS_VIOLATION (0xc0000005) at pc=0x00007ffbbfed3859]

GC Heap History (0 events):
No events

Deoptimization events (0 events):
No events

Classes unloaded (0 events):
No events

Classes redefined (0 events):
No events

Internal exceptions (0 events):
No events

VM Operations (0 events):
No events

Events (1 events):
Event: 0.012 Loaded shared library C:\Program Files\Java\jdk-17\bin\java.dll


Dynamic libraries:
0x00007ff7ec380000 - 0x00007ff7ec390000 	C:\Program Files\Java\jdk-17\bin\java.exe
0x00007ffbe3870000 - 0x00007ffbe3a87000 	C:\WINDOWS\SYSTEM32\ntdll.dll
0x00007ffbe2260000 - 0x00007ffbe2324000 	C:\WINDOWS\System32\KERNEL32.DLL
0x00007ffbe1160000 - 0x00007ffbe1531000 	C:\WINDOWS\System32\KERNELBASE.dll
0x00007ffbe0fe0000 - 0x00007ffbe10f1000 	C:\WINDOWS\System32\ucrtbase.dll
0x00007ffbc11f0000 - 0x00007ffbc120b000 	C:\Program Files\Java\jdk-17\bin\VCRUNTIME140.dll
0x00007ffbc1210000 - 0x00007ffbc1229000 	C:\Program Files\Java\jdk-17\bin\jli.dll
0x00007ffbe20e0000 - 0x00007ffbe2191000 	C:\WINDOWS\System32\ADVAPI32.dll
0x00007ffbe1c80000 - 0x00007ffbe1d27000 	C:\WINDOWS\System32\msvcrt.dll
0x00007ffbe3730000 - 0x00007ffbe37d7000 	C:\WINDOWS\System32\sechost.dll
0x00007ffbe1100000 - 0x00007ffbe1128000 	C:\WINDOWS\System32\bcrypt.dll
0x00007ffbe2ee0000 - 0x00007ffbe2ff4000 	C:\WINDOWS\System32\RPCRT4.dll
0x00007ffbe1ab0000 - 0x00007ffbe1c61000 	C:\WINDOWS\System32\USER32.dll
0x00007ffbe1130000 - 0x00007ffbe1156000 	C:\WINDOWS\System32\win32u.dll
0x00007ffbe3080000 - 0x00007ffbe30a9000 	C:\WINDOWS\System32\GDI32.dll
0x00007ffbe0c60000 - 0x00007ffbe0d7b000 	C:\WINDOWS\System32\gdi32full.dll
0x00007ffbe0e00000 - 0x00007ffbe0e9a000 	C:\WINDOWS\System32\msvcp_win.dll
0x00007ffbc5bb0000 - 0x00007ffbc5e42000 	C:\WINDOWS\WinSxS\amd64_microsoft.windows.common-controls_6595b64144ccf1df_6.0.22621.4830_none_270fe7d773858e80\COMCTL32.dll
0x00007ffbd88b0000 - 0x00007ffbd88ba000 	C:\WINDOWS\SYSTEM32\VERSION.dll
0x00007ffbe2220000 - 0x00007ffbe2251000 	C:\WINDOWS\System32\IMM32.DLL
0x00007ffbc1080000 - 0x00007ffbc108c000 	C:\Program Files\Java\jdk-17\bin\vcruntime140_1.dll
0x00007ffbc0ff0000 - 0x00007ffbc107e000 	C:\Program Files\Java\jdk-17\bin\msvcp140.dll
0x00007ffbbf800000 - 0x00007ffbc03e0000 	C:\Program Files\Java\jdk-17\bin\server\jvm.dll
0x00007ffbe1aa0000 - 0x00007ffbe1aa8000 	C:\WINDOWS\System32\PSAPI.DLL
0x00007ffbdbd80000 - 0x00007ffbdbdb4000 	C:\WINDOWS\SYSTEM32\WINMM.dll
0x00007ffbc0f20000 - 0x00007ffbc0f29000 	C:\WINDOWS\SYSTEM32\WSOCK32.dll
0x00007ffbe3000000 - 0x00007ffbe3071000 	C:\WINDOWS\System32\WS2_32.dll
0x00007ffbdfa00000 - 0x00007ffbdfa18000 	C:\WINDOWS\SYSTEM32\kernel.appcore.dll
0x00007ffbcc100000 - 0x00007ffbcc10a000 	C:\Program Files\Java\jdk-17\bin\jimage.dll
0x00007ffbde540000 - 0x00007ffbde772000 	C:\WINDOWS\SYSTEM32\DBGHELP.DLL
0x00007ffbe1540000 - 0x00007ffbe18d0000 	C:\WINDOWS\System32\combase.dll
0x00007ffbe3150000 - 0x00007ffbe3227000 	C:\WINDOWS\System32\OLEAUT32.dll
0x00007ffbc4f20000 - 0x00007ffbc4f52000 	C:\WINDOWS\SYSTEM32\dbgcore.DLL
0x00007ffbe0f60000 - 0x00007ffbe0fdb000 	C:\WINDOWS\System32\bcryptPrimitives.dll
0x00007ffbcbf80000 - 0x00007ffbcbfa5000 	C:\Program Files\Java\jdk-17\bin\java.dll

dbghelp: loaded successfully - version: 4.0.5 - missing functions: none
symbol engine: initialized successfully - sym options: 0x614 - pdb path: .;C:\Program Files\Java\jdk-17\bin;C:\WINDOWS\SYSTEM32;C:\WINDOWS\WinSxS\amd64_microsoft.windows.common-controls_6595b64144ccf1df_6.0.22621.4830_none_270fe7d773858e80;C:\Program Files\Java\jdk-17\bin\server

VM Arguments:
java_command: C:\Users\sampa\AppData\Local\Temp\surefire3700701032275682501\surefirebooter15865062686986637561.jar C:\Users\sampa\AppData\Local\Temp\surefire3700701032275682501 2025-03-25T20-21-37_023-jvmRun1 surefire11884221029379019151tmp surefire_017476455942940104495tmp
java_class_path (initial): C:\Users\sampa\AppData\Local\Temp\surefire3700701032275682501\surefirebooter15865062686986637561.jar
Launcher Type: SUN_STANDARD

[Global flags]
     intx CICompilerCount                          = 3                                         {product} {ergonomic}
     uint ConcGCThreads                            = 1                                         {product} {ergonomic}
     uint G1ConcRefinementThreads                  = 4                                         {product} {ergonomic}
   size_t G1HeapRegionSize                         = 1048576                                   {product} {ergonomic}
    uintx GCDrainStackTargetSize                   = 64                                        {product} {ergonomic}
   size_t InitialHeapSize                          = 58720256                                  {product} {ergonomic}
   size_t MarkStackSize                            = 4194304                                   {product} {ergonomic}
   size_t MaxHeapSize                              = 918552576                                 {product} {ergonomic}
   size_t MinHeapDeltaBytes                        = 1048576                                   {product} {ergonomic}
   size_t MinHeapSize                              = 8388608                                   {product} {ergonomic}
    uintx NonNMethodCodeHeapSize                   = 5832780                                {pd product} {ergonomic}
    uintx NonProfiledCodeHeapSize                  = 122912730                              {pd product} {ergonomic}
    uintx ProfiledCodeHeapSize                     = 122912730                              {pd product} {ergonomic}
    uintx ReservedCodeCacheSize                    = 251658240                              {pd product} {ergonomic}
     bool SegmentedCodeCache                       = true                                      {product} {ergonomic}
   size_t SoftMaxHeapSize                          = 918552576                              {manageable} {ergonomic}
     bool UseCompressedClassPointers               = true                           {product lp64_product} {ergonomic}
     bool UseCompressedOops                        = true                           {product lp64_product} {ergonomic}
     bool UseG1GC                                  = true                                      {product} {ergonomic}
     bool UseLargePagesIndividualAllocation        = false                                  {pd product} {ergonomic}

Logging:
Log output configuration:
 #0: stdout all=warning uptime,level,tags
 #1: stderr all=off uptime,level,tags

Environment Variables:
JAVA_HOME=C:\Program Files\Java\jdk-17
PATH=C:/Users/sampa/.p2/pool/plugins/org.eclipse.justj.openjdk.hotspot.jre.full.win32.x86_64_21.0.6.v20250130-0529/jre/bin/server;C:/Users/sampa/.p2/pool/plugins/org.eclipse.justj.openjdk.hotspot.jre.full.win32.x86_64_21.0.6.v20250130-0529/jre/bin;C:\Program Files\Common Files\Oracle\Java\javapath;C:\WINDOWS\system32;C:\WINDOWS;C:\WINDOWS\System32\Wbem;C:\WINDOWS\System32\WindowsPowerShell\v1.0\;C:\WINDOWS\System32\OpenSSH\;C:\Program Files\MATLAB\R2022a\runtime\win64;C:\Program Files\MATLAB\R2022a\bin;C:\Program Files\MATLAB\R2021b\bin;C:\Program Files\Java\jdk-18.0.2\bin;C:\Program Files\Java\jdk-23\bin;C:\Program Files\MySQL\MySQL Server 8.0\bin;C:\Program Files\Git\cmd;C:\Program Files\Java\jdk-17\bin;C:\Program Files\apache-maven-3.9.9\bin;C:\Program Files\allure-2.33.0\bin;C:\Program Files\MySQL\MySQL Shell 8.0\bin\;C:\Users\sampa\AppData\Local\Programs\Python\Python313\Scripts\;C:\Users\sampa\AppData\Local\Programs\Python\Python313\;C:\Users\sampa;C:\Users\sampa\AppData\Local\Programs\Python\Python39\;C:\Users\sampa\AppData\Local\Microsoft\WindowsApps;C:\Program Files\JetBrains\IntelliJ IDEA Community Edition 2021.2.2\bin;;C:\Users\sampa\AppData\Local\Programs\Microsoft VS Code\bin;C:\Users\sampa\AppData\Local\GitHubDesktop\bin;C:\Users\sampa\Downloads\Anaconda3-2022.10-Windows-x86_64 (1).exe;C:\Program Files\Maven\apache-maven-3.9.9-bin;;C:\WINDOWS\system32;
USERNAME=sampa
OS=Windows_NT
PROCESSOR_IDENTIFIER=AMD64 Family 23 Model 24 Stepping 1, AuthenticAMD



---------------  S Y S T E M  ---------------

OS:
 Windows 11 , 64 bit Build 22621 (10.0.22621.4974)
OS uptime: 0 days 12:09 hours

CPU: total 4 (initial active 4) (4 cores per cpu, 2 threads per core) family 23 model 24 stepping 1 microcode 0x0, cx8, cmov, fxsr, ht, mmx, 3dnowpref, sse, sse2, sse3, ssse3, sse4a, sse4.1, sse4.2, popcnt, lzcnt, tsc, tscinvbit, avx, avx2, aes, clmul, bmi1, bmi2, adx, sha, fma, vzeroupper, clflush, clflushopt

Memory: 4k page, system-wide physical 3501M (207M free)
TotalPageFile size 14253M (AvailPageFile size 21M)
current process WorkingSet (physical memory assigned to process): 10M, peak: 10M
current process commit charge ("private bytes"): 51M, peak: 107M

vm_info: Java HotSpot(TM) 64-Bit Server VM (17.0.12+8-LTS-286) for windows-amd64 JRE (17.0.12+8-LTS-286), built on Jun  5 2024 06:46:59 by "mach5one" with MS VC++ 17.6 (VS2022)

END.
